1620494898181	geckodriver	INFO	Listening on 127.0.0.1:65431
1620494901234	mozrunner::runner	INFO	Running command: "C:\\Program Files\\Mozilla Firefox\\firefox.exe" "--marionette" "-foreground" "-no-remote" "-profile" "C:\\Users\\Romero\\AppData\\Local\\Temp\\rust_mozprofilevS30HN"
1620494902801	Marionette	INFO	Marionette enabled
console.warn: SearchSettings: "get: No settings file exists, new profile?" (new Error("", "(unknown module)"))
1620494907544	Marionette	INFO	Listening on port 65439
1620494907581	Marionette	WARN	TLS certificate errors will be ignored for this session
console.error: Region.jsm: "Error fetching region" (new Error("TIMEOUT", "resource://gre/modules/Region.jsm", 772))
console.error: Region.jsm: "Failed to fetch region" (new Error("TIMEOUT", "resource://gre/modules/Region.jsm", 419))
console.error: services.settings: 
  main/message-groups Signature failed  TypeError: NetworkError when attempting to fetch resource.
console.error: services.settings: 
  main/partitioning-exempt-urls Signature failed  TypeError: NetworkError when attempting to fetch resource.

###!!! [Child][RunMessage] Error: Channel closing: too late to send/recv, messages will be lost

1620494925096	Marionette	INFO	Stopped listening on port 65439

###!!! [Child][RunMessage] Error: Channel closing: too late to send/recv, messages will be lost

1620495628565	geckodriver	INFO	Listening on 127.0.0.1:51840
1620495631635	mozrunner::runner	INFO	Running command: "C:\\Program Files\\Mozilla Firefox\\firefox.exe" "--marionette" "-foreground" "-no-remote" "-profile" "C:\\Users\\Romero\\AppData\\Local\\Temp\\rust_mozprofile6mTfpJ"
1620495632419	Marionette	INFO	Marionette enabled
console.warn: SearchSettings: "get: No settings file exists, new profile?" (new Error("", "(unknown module)"))
1620495637016	Marionette	INFO	Listening on port 51848
1620495637469	Marionette	WARN	TLS certificate errors will be ignored for this session
1620495637501	Marionette	INFO	Stopped listening on port 51848
console.error: Region.jsm: "Error fetching region" (new TypeError("NetworkError when attempting to fetch resource.", ""))
console.error: Region.jsm: "Failed to fetch region" (new Error("NO_RESULT", "resource://gre/modules/Region.jsm", 419))

###!!! [Child][RunMessage] Error: Channel closing: too late to send/recv, messages will be lost

1620495678920	geckodriver	INFO	Listening on 127.0.0.1:51988
1620495681988	mozrunner::runner	INFO	Running command: "C:\\Program Files\\Mozilla Firefox\\firefox.exe" "--marionette" "-foreground" "-no-remote" "-profile" "C:\\Users\\Romero\\AppData\\Local\\Temp\\rust_mozprofile8GYGeV"
1620495682904	Marionette	INFO	Marionette enabled
console.warn: SearchSettings: "get: No settings file exists, new profile?" (new Error("", "(unknown module)"))
1620495686825	Marionette	INFO	Listening on port 51999
1620495687333	Marionette	WARN	TLS certificate errors will be ignored for this session
1620495702612	Marionette	INFO	Stopped listening on port 51999

###!!! [Child][RunMessage] Error: Channel closing: too late to send/recv, messages will be lost

1620596041296	geckodriver	INFO	Listening on 127.0.0.1:64944
1620596044337	mozrunner::runner	INFO	Running command: "C:\\Program Files\\Mozilla Firefox\\firefox.exe" "--marionette" "-foreground" "-no-remote" "-profile" "C:\\Users\\Romero\\AppData\\Local\\Temp\\rust_mozprofilegK3wVN"
1620596045577	Marionette	INFO	Marionette enabled
console.warn: SearchSettings: "get: No settings file exists, new profile?" (new Error("", "(unknown module)"))
1620596050303	Marionette	INFO	Listening on port 64954
1620596050707	Marionette	WARN	TLS certificate errors will be ignored for this session
JavaScript warning: https://ajax.googleapis.com/ajax/libs/jquery/1.10.2/jquery.min.js, line 2: Using //@ to indicate sourceMappingURL pragmas is deprecated. Use //# instead
1620596083184	Marionette	INFO	Stopped listening on port 64954

###!!! [Child][RunMessage] Error: Channel closing: too late to send/recv, messages will be lost

1620596085446	geckodriver	INFO	Listening on 127.0.0.1:65063
1620596088504	mozrunner::runner	INFO	Running command: "C:\\Program Files\\Mozilla Firefox\\firefox.exe" "--marionette" "-foreground" "-no-remote" "-profile" "C:\\Users\\Romero\\AppData\\Local\\Temp\\rust_mozprofilewlZy3f"
1620596089146	Marionette	INFO	Marionette enabled
console.warn: SearchSettings: "get: No settings file exists, new profile?" (new Error("", "(unknown module)"))
1620596093355	Marionette	INFO	Listening on port 65073
1620596093862	Marionette	WARN	TLS certificate errors will be ignored for this session
JavaScript warning: https://ajax.googleapis.com/ajax/libs/jquery/1.10.2/jquery.min.js, line 2: Using //@ to indicate sourceMappingURL pragmas is deprecated. Use //# instead
1620596144487	Marionette	INFO	Stopped listening on port 65073

###!!! [Child][RunMessage] Error: Channel closing: too late to send/recv, messages will be lost

"--marionette" "-foreground" "-no-remote" "-profile" "C:\\Users\\Romero\\AppData\\Local\\Temp\\rust_mozprofilenyMFlD"
1620596144602	Marionette	INFO	Marionette enabled
console.warn: SearchSettings: "get: No settings file exists, new profile?" (new Error("", "(unknown module)"))
1620596149098	Marionette	INFO	Listening on port 65217
1620596149542	Marionette	WARN	TLS certificate errors will be ignored for this session
JavaScript warning: https://ajax.googleapis.com/ajax/libs/jquery/1.10.2/jquery.min.js, line 2: Using //@ to indicate sourceMappingURL pragmas is deprecated. Use //# instead
1620596526755	Marionette	INFO	Stopped listening on port 65217
0596221622	geckodriver	INFO	Listening on 127.0.0.1:65495
1620596224682	mozrunner::runner	INFO	Running command: "C:\\Program Files\\Mozilla Firefox\\firefox.exe" "--marionette" "-foreground" "-no-remote" "-profile" "C:\\Users\\Romero\\AppData\\Local\\Temp\\rust_mozprofilekpqO78"
1620596225417	Marionette	INFO	Marionette enabled
console.warn: SearchSettings: "get: No settings file exists, new profile?" (new Error("", "(unknown module)"))
1620596229823	Marionette	INFO	Listening on port 65506
1620596230016	Marionette	WARN	TLS certificate errors will be ignored for this session
console.error: Region.jsm: "Error fetching region" (new Error("TIMEOUT", "resource://gre/modules/Region.jsm", 772))
console.error: Region.jsm: "Failed to fetch region" (new Error("TIMEOUT", "resource://gre/modules/Region.jsm", 419))
JavaScript warning: https://ajax.googleapis.com/ajax/libs/jquery/1.10.2/jquery.min.js, line 2: Using //@ to indicate sourceMappingURL pragmas is deprecated. Use //# instead
1620596527604	Marionette	INFO	Stopped listening on port 65506

###!!! [Child][RunMessage] Error: Channel closing: too late to send/recv, messages will be lost

"--marionette" "-foreground" "-no-remote" "-profile" "C:\\Users\\Romero\\AppData\\Local\\Temp\\rust_mozprofileidXCWZ"
1620596526830	Marionette	INFO	Marionette enabled
console.warn: SearchSettings: "get: No settings file exists, new profile?" (new Error("", "(unknown module)"))
1620596531942	Marionette	INFO	Listening on port 49520
1620596532491	Marionette	WARN	TLS certificate errors will be ignored for this session
JavaScript warning: https://ajax.googleapis.com/ajax/libs/jquery/1.10.2/jquery.min.js, line 2: Using //@ to indicate sourceMappingURL pragmas is deprecated. Use //# instead
console.warn: LoginRecipes: "getRecipes: falling back to a synchronous message for:" "https://sac.unl.edu.ec"
SourceActor threw an exception: Error: Failed to fetch https://sac.unl.edu.ec/cas/js/cas.js;jsessionid=3BE22188A4B6242709E1410CF233CCA0. Code 2153390067.
Stack: onResponse@resource://devtools/shared/DevToolsUtils.js:556:16
onStopRequest@resource://gre/modules/NetUtil.jsm:128:18
Line: 556, column: 16
console.error: (new Error("Failed to fetch https://sac.unl.edu.ec/cas/js/cas.js;jsessionid=3BE22188A4B6242709E1410CF233CCA0. Code 2153390067.", "resource://devtools/shared/DevToolsUtils.js", 556))
JavaScript error: resource://devtools/shared/DevToolsUtils.js, line 556: Error: Failed to fetch https://sac.unl.edu.ec/cas/js/cas.js;jsessionid=3BE22188A4B6242709E1410CF233CCA0. Code 2153390067.

###!!! [Child][RunMessage] Error: Channel closing: too late to send/recv, messages will be lost

1620596797661	Marionette	INFO	Stopped listening on port 49520

###!!! [Child][RunMessage] Error: Channel closing: too late to send/recv, messages will be lost

ozprofile1IUdqm"
1620596754865	Marionette	INFO	Marionette enabled
console.warn: SearchSettings: "get: No settings file exists, new profile?" (new Error("", "(unknown module)"))
1620596759019	Marionette	INFO	Listening on port 50208
1620596759534	Marionette	WARN	TLS certificate errors will be ignored for this session
JavaScript warning: https://ajax.googleapis.com/ajax/libs/jquery/1.10.2/jquery.min.js, line 2: Using //@ to indicate sourceMappingURL pragmas is deprecated. Use //# instead

###!!! [Child][RunMessage] Error: Channel closing: too lat1620596797668	mozrunner::runner	INFO	Running command: "C:\\Program Files\\Mozilla Firefox\\firefox.exe" 
###!!! [Child][RunMessage] Error: Channel closing: too late to send/recv, messages will be lost

ozprofileIVAxiR"
1620596798597	Marionette	INFO	Marionette enabled
console.warn: SearchSettings: "get: No settings file exists, new profile?" (new Error("", "(unknown module)"))
1620596803446	Marionette	INFO	Listening on port 50354
1620596803903	Marionette	WARN	TLS certificate errors will be ignored for this session
JavaScript warning: https://ajax.googleapis.com/ajax/libs/jquery/1.10.2/jquery.min.js, line 2: Using //@ to indicate sourceMappingURL pragmas is deprecated. Use //# instead
1620596908181	Marionette	INFO	Stopped listening on port 50354

###!!! [Child][RunMessage] Error: Channel closing: too late to send/recv, messages will be lost

"--marionette" "-foreground" "-no-remote" "-profile" "C:\\Users\\Romero\\AppData\\Local\\Temp\\rust_mozprofileYhLjFf"
1620596855124	Marionette	INFO	Marionette enabled
console.warn: SearchSettings: "get: No settings file exists, new profile?" (new Error("", "(unknown module)"))
1620596859295	Marionette	INFO	Listening on port 50517
1620596859868	Marionette	WARN	TLS certificate errors will be ignored for this session
JavaScript warning: https://ajax.googleapis.com/ajax/libs/jquery/1.10.2/jquery.min.js, line 2: Using //@ to indicate sourceMappingURL pragmas is deprecated. Use //# instead
1620596906658	Marionette	INFO	Stopped listening on port 50517

###!!! [Child][RunMessage] Error: Channel closing: too late to send/recv, messages will be lost

"--marionette" "-foreground" "-no-remote" "-profile" "C:\\Users\\Romero\\AppData\\Local\\Temp\\rust_mozprofilejl0LP4"
1620596899932	Marionette	INFO	Marionette enabled
console.warn: SearchSettings: "get: No settings file exists, new profile?" (new Error("", "(unknown module)"))
1620596904655	Marionette	INFO	Listening on port 50688
1620596905171	Marionette	WARN	TLS certificate errors will be ignored for this session
JavaScript warning: https://ajax.googleapis.com/ajax/libs/jquery/1.10.2/jquery.min.js, line 2: Using //@ to indicate sourceMappingURL pragmas is deprecated. Use //# instead
1620597162336	Marionette	INFO	Stopped listening on port 50688

###!!! [Child][RunMessage] Error: Channel closing: too late to send/recv, messages will be lost

"--marionette" "-foreground" "-no-remote" "-profile" "C:\\Users\\Romero\\AppData\\Local\\Temp\\rust_mozprofileHRTBG4"
1620597149735	Marionette	INFO	Marionette enabled
console.warn: SearchSettings: "get: No settings file exists, new profile?" (new Error("", "(unknown module)"))
1620597155172	Marionette	INFO	Listening on port 51471
1620597155965	Marionette	WARN	TLS certificate errors will be ignored for this session
console.warn: services.settings: main/message-groups sync interrupted by shutdown
JavaScript error: chrome://marionette/content/driver.js, line 2346: NS_ERROR_FAILURE: Component returned failure code: 0x80004005 (NS_ERROR_FAILURE) [nsIObserverService.removeObserver]
console.error: services.settings: 
  main/fxmonitor-breaches Signature failed  TypeError: NetworkError when attempting to fetch resource.
1620597156281	Marionette	INFO	Stopped listening on port 51471

###!!! [Child][RunMessage] Error: Channel closing: too late to send/recv, messages will be lost

1620597206762	geckodriver	INFO	Listening on 127.0.0.1:51572
1620597209816	mozrunner::runner	INFO	Running command: "C:\\Program Files\\Mozilla Firefox\\firefox.exe" "--marionette" "-foreground" "-no-remote" "-profile" "C:\\Users\\Romero\\AppData\\Local\\Temp\\rust_mozprofilel1EygU"
1620597210429	Marionette	INFO	Marionette enabled
console.warn: SearchSettings: "get: No settings file exists, new profile?" (new Error("", "(unknown module)"))
1620597214700	Marionette	INFO	Listening on port 51584
1620597215160	Marionette	WARN	TLS certificate errors will be ignored for this session
JavaScript warning: https://ajax.googleapis.com/ajax/libs/jquery/1.10.2/jquery.min.js, line 2: Using //@ to indicate sourceMappingURL pragmas is deprecated. Use //# instead
JavaScript error: , line 0: uncaught exception: 
1620597535534	Marionette	INFO	Stopped listening on port 51584
0597345561	mozrunner::runner	INFO	Running command: "C:\\Program Files\\Mozilla Firefox\\firefox.exe" "--marionette" "-foreground" "-no-remote" "-profile" "C:\\Users\\Romero\\AppData\\Local\\Temp\\rust_mozprofile1ZNwdN"
1620597346203	Marionette	INFO	Marionette enabled
console.warn: SearchSettings: "get: No settings file exists, new profile?" (new Error("", "(unknown module)"))
1620597350504	Marionette	INFO	Listening on port 52043
1620597350894	Marionette	WARN	TLS certificate errors will be ignored for this session
JavaScript warning: https://ajax.googleapis.com/ajax/libs/jquery/1.10.2/jquery.min.js, line 2: Using //@ to indicate sourceMappingURL pragmas is deprecated. Use //# instead
JavaScript error: https://eva.unl.edu.ec/lib/javascript.php/1619739542/lib/requirejs/require.min.js, line 5: Error: Script error for "core/first"
http://requirejs.org/docs/errors.html#scripterror
1620597370067	Marionette	INFO	Stopped listening on port 52043

###!!! [Child][RunMessage] Error: Channel closing: too late to send/recv, messages will be lost

1620597819199	geckodriver	INFO	Listening on 127.0.0.1:53787
1620597822261	mozrunner::runner	INFO	Running command: "C:\\Program Files\\Mozilla Firefox\\firefox.exe" "--marionette" "-foreground" "-no-remote" "-profile" "C:\\Users\\Romero\\AppData\\Local\\Temp\\rust_mozprofileThxkQs"
1620597822884	Marionette	INFO	Marionette enabled
console.warn: SearchSettings: "get: No settings file exists, new profile?" (new Error("", "(unknown module)"))
1620597827105	Marionette	INFO	Listening on port 53799
1620597827624	Marionette	WARN	TLS certificate errors will be ignored for this session
JavaScript warning: https://ajax.googleapis.com/ajax/libs/jquery/1.10.2/jquery.min.js, line 2: Using //@ to indicate sourceMappingURL pragmas is deprecated. Use //# instead
1620597875340	Marionette	INFO	Stopped listening on port 53799

###!!! [Child][RunMessage] Error: Channel closing: too late to send/recv, messages will be lost

1620767760033	geckodriver	INFO	Listening on 127.0.0.1:57670
1620767763094	mozrunner::runner	INFO	Running command: "C:\\Program Files\\Mozilla Firefox\\firefox.exe" "--marionette" "-foreground" "-no-remote" "-profile" "C:\\Users\\Romero\\AppData\\Local\\Temp\\rust_mozprofileKlawZu"
1620767764463	Marionette	INFO	Marionette enabled
console.warn: SearchSettings: "get: No settings file exists, new profile?" (new Error("", "(unknown module)"))
1620767768798	Marionette	INFO	Listening on port 57680
1620767768949	Marionette	WARN	TLS certificate errors will be ignored for this session
JavaScript warning: https://ajax.googleapis.com/ajax/libs/jquery/1.10.2/jquery.min.js, line 2: Using //@ to indicate sourceMappingURL pragmas is deprecated. Use //# instead
1620767781667	Marionette	INFO	Stopped listening on port 57680

###!!! [Child][RunMessage] Error: Channel closing: too late to send/recv, messages will be lost

1620767783100	geckodriver	INFO	Listening on 127.0.0.1:57770
1620767786175	mozrunner::runner	INFO	Running command: "C:\\Program Files\\Mozilla Firefox\\firefox.exe" "--marionette" "-foreground" "-no-remote" "-profile" "C:\\Users\\Romero\\AppData\\Local\\Temp\\rust_mozprofilec9oCbh"
1620767786753	Marionette	INFO	Marionette enabled
console.warn: SearchSettings: "get: No settings file exists, new profile?" (new Error("", "(unknown module)"))
1620767790576	Marionette	INFO	Listening on port 57778
1620767791022	Marionette	WARN	TLS certificate errors will be ignored for this session
JavaScript warning: https://ajax.googleapis.com/ajax/libs/jquery/1.10.2/jquery.min.js, line 2: Using //@ to indicate sourceMappingURL pragmas is deprecated. Use //# instead
1620767805455	Marionette	INFO	Stopped listening on port 57778

###!!! [Child][RunMessage] Error: Channel closing: too late to send/recv, messages will be lost

